<?xml version="1.0" encoding="utf-8"?><testsuites name="pytest tests"><testsuite name="pytest" errors="0" failures="0" skipped="0" tests="4" time="0.538" timestamp="2026-06-26T01:42:42.130406+00:00" hostname="agent-env-1ddfb246-0930-4b1f-94f3-27aae81f342d"><testcase classname="backend.tests.test_diagnostico" name="test_api_root" time="0.216" /><testcase classname="backend.tests.test_diagnostico" name="test_submit_diagnostico_persists_and_listed" time="0.167" /><testcase classname="backend.tests.test_diagnostico" name="test_submit_rejects_missing_required" time="0.051" /><testcase classname="backend.tests.test_diagnostico" name="test_submit_ignores_extra_p20_field" time="0.049" /></testsuite></testsuites>